# JRE version: OpenJDK Runtime Environment (8.0_152-b02) (build 1.8.0_152-release-1024-b02)
# Java VM: OpenJDK 64-Bit Server VM (25.152-b02 mixed mode windows-amd64 compressed oops)
Heap:
 PSYoungGen      total 335360K, used 329382K [0x00000000e0000000, 0x0000000100000000, 0x0000000100000000)
  eden space 175104K, 100% used [0x00000000e0000000,0x00000000eab00000,0x00000000eab00000)
  from space 160256K, 96% used [0x00000000f5980000,0x00000000ff0299a0,0x00000000ff600000)
  to   space 174592K, 99% used [0x00000000eab00000,0x00000000f55799a0,0x00000000f5580000)
 ParOldGen       total 1048576K, used 1048565K [0x00000000a0000000, 0x00000000e0000000, 0x00000000e0000000)
  object space 1048576K, 99% used [0x00000000a0000000,0x00000000dfffd4b0,0x00000000e0000000)
 Metaspace       used 102015K, capacity 105492K, committed 107008K, reserved 1142784K
  class space    used 12335K, capacity 13107K, committed 13568K, reserved 1048576K
GC Heap History (10 events):
Event: 4782.220 GC heap after
Heap after GC invocations=211 (full 35):
 PSYoungGen      total 339456K, used 130699K [0x00000000e0000000, 0x0000000100000000, 0x0000000100000000)
  eden space 180736K, 0% used [0x00000000e0000000,0x00000000e0000000,0x00000000eb080000)
  from space 158720K, 82% used [0x00000000eb080000,0x00000000f3022f90,0x00000000f4b80000)
  to   space 173568K, 0% used [0x00000000f5680000,0x00000000f5680000,0x0000000100000000)
 ParOldGen       total 1048576K, used 958697K [0x00000000a0000000, 0x00000000e0000000, 0x00000000e0000000)
  object space 1048576K, 91% used [0x00000000a0000000,0x00000000da83a418,0x00000000e0000000)
 Metaspace       used 102015K, capacity 105492K, committed 107008K, reserved 1142784K
  class space    used 12335K, capacity 13107K, committed 13568K, reserved 1048576K
}
Event: 4786.197 GC heap before
{Heap before GC invocations=212 (full 35):
 PSYoungGen      total 339456K, used 311435K [0x00000000e0000000, 0x0000000100000000, 0x0000000100000000)
  eden space 180736K, 100% used [0x00000000e0000000,0x00000000eb080000,0x00000000eb080000)
  from space 158720K, 82% used [0x00000000eb080000,0x00000000f3022f90,0x00000000f4b80000)
  to   space 173568K, 0% used [0x00000000f5680000,0x00000000f5680000,0x0000000100000000)
 ParOldGen       total 1048576K, used 958697K [0x00000000a0000000, 0x00000000e0000000, 0x00000000e0000000)
  object space 1048576K, 91% used [0x00000000a0000000,0x00000000da83a418,0x00000000e0000000)
 Metaspace       used 102015K, capacity 105492K, committed 107008K, reserved 1142784K
  class space    used 12335K, capacity 13107K, committed 13568K, reserved 1048576K
Event: 4786.271 GC heap after
Heap after GC invocations=212 (full 35):
 PSYoungGen      total 352256K, used 69238K [0x00000000e0000000, 0x00000000ff800000, 0x0000000100000000)
  eden space 186880K, 0% used [0x00000000e0000000,0x00000000e0000000,0x00000000eb680000)
  from space 165376K, 41% used [0x00000000f5680000,0x00000000f9a1db58,0x00000000ff800000)
  to   space 163840K, 0% used [0x00000000eb680000,0x00000000eb680000,0x00000000f5680000)
 ParOldGen       total 1048576K, used 958697K [0x00000000a0000000, 0x00000000e0000000, 0x00000000e0000000)
  object space 1048576K, 91% used [0x00000000a0000000,0x00000000da83a418,0x00000000e0000000)
 Metaspace       used 102015K, capacity 105492K, committed 107008K, reserved 1142784K
  class space    used 12335K, capacity 13107K, committed 13568K, reserved 1048576K
}
Event: 4789.794 GC heap before
{Heap before GC invocations=213 (full 35):
 PSYoungGen      total 352256K, used 256118K [0x00000000e0000000, 0x00000000ff800000, 0x0000000100000000)
  eden space 186880K, 100% used [0x00000000e0000000,0x00000000eb680000,0x00000000eb680000)
  from space 165376K, 41% used [0x00000000f5680000,0x00000000f9a1db58,0x00000000ff800000)
  to   space 163840K, 0% used [0x00000000eb680000,0x00000000eb680000,0x00000000f5680000)
 ParOldGen       total 1048576K, used 958697K [0x00000000a0000000, 0x00000000e0000000, 0x00000000e0000000)
  object space 1048576K, 91% used [0x00000000a0000000,0x00000000da83a418,0x00000000e0000000)
 Metaspace       used 102015K, capacity 105492K, committed 107008K, reserved 1142784K
  class space    used 12335K, capacity 13107K, committed 13568K, reserved 1048576K
Event: 4789.879 GC heap after
Heap after GC invocations=213 (full 35):
 PSYoungGen      total 350720K, used 87809K [0x00000000e0000000, 0x00000000ff600000, 0x0000000100000000)
  eden space 186880K, 0% used [0x00000000e0000000,0x00000000e0000000,0x00000000eb680000)
  from space 163840K, 53% used [0x00000000eb680000,0x00000000f0c40770,0x00000000f5680000)
  to   space 160256K, 0% used [0x00000000f5980000,0x00000000f5980000,0x00000000ff600000)
 ParOldGen       total 1048576K, used 958697K [0x00000000a0000000, 0x00000000e0000000, 0x00000000e0000000)
  object space 1048576K, 91% used [0x00000000a0000000,0x00000000da83a418,0x00000000e0000000)
 Metaspace       used 102015K, capacity 105492K, committed 107008K, reserved 1142784K
  class space    used 12335K, capacity 13107K, committed 13568K, reserved 1048576K
}
Event: 4790.112 GC heap before
{Heap before GC invocations=214 (full 35):
 PSYoungGen      total 350720K, used 274685K [0x00000000e0000000, 0x00000000ff600000, 0x0000000100000000)
  eden space 186880K, 99% used [0x00000000e0000000,0x00000000eb67ed10,0x00000000eb680000)
  from space 163840K, 53% used [0x00000000eb680000,0x00000000f0c40770,0x00000000f5680000)
  to   space 160256K, 0% used [0x00000000f5980000,0x00000000f5980000,0x00000000ff600000)
 ParOldGen       total 1048576K, used 958697K [0x00000000a0000000, 0x00000000e0000000, 0x00000000e0000000)
  object space 1048576K, 91% used [0x00000000a0000000,0x00000000da83a418,0x00000000e0000000)
 Metaspace       used 102015K, capacity 105492K, committed 107008K, reserved 1142784K
  class space    used 12335K, capacity 13107K, committed 13568K, reserved 1048576K
Event: 4790.214 GC heap after
Heap after GC invocations=214 (full 35):
 PSYoungGen      total 335360K, used 154278K [0x00000000e0000000, 0x0000000100000000, 0x0000000100000000)
  eden space 175104K, 0% used [0x00000000e0000000,0x00000000e0000000,0x00000000eab00000)
  from space 160256K, 96% used [0x00000000f5980000,0x00000000ff0299a0,0x00000000ff600000)
  to   space 174592K, 0% used [0x00000000eab00000,0x00000000eab00000,0x00000000f5580000)
 ParOldGen       total 1048576K, used 958697K [0x00000000a0000000, 0x00000000e0000000, 0x00000000e0000000)
  object space 1048576K, 91% used [0x00000000a0000000,0x00000000da83a418,0x00000000e0000000)
 Metaspace       used 102015K, capacity 105492K, committed 107008K, reserved 1142784K
  class space    used 12335K, capacity 13107K, committed 13568K, reserved 1048576K
}
Event: 4790.269 GC heap before
{Heap before GC invocations=215 (full 35):
 PSYoungGen      total 335360K, used 329382K [0x00000000e0000000, 0x0000000100000000, 0x0000000100000000)
  eden space 175104K, 100% used [0x00000000e0000000,0x00000000eab00000,0x00000000eab00000)
  from space 160256K, 96% used [0x00000000f5980000,0x00000000ff0299a0,0x00000000ff600000)
  to   space 174592K, 0% used [0x00000000eab00000,0x00000000eab00000,0x00000000f5580000)
 ParOldGen       total 1048576K, used 958697K [0x00000000a0000000, 0x00000000e0000000, 0x00000000e0000000)
  object space 1048576K, 91% used [0x00000000a0000000,0x00000000da83a418,0x00000000e0000000)
 Metaspace       used 102015K, capacity 105492K, committed 107008K, reserved 1142784K
  class space    used 12335K, capacity 13107K, committed 13568K, reserved 1048576K
Event: 4790.459 GC heap after
Heap after GC invocations=215 (full 35):
 PSYoungGen      total 335360K, used 329382K [0x00000000e0000000, 0x0000000100000000, 0x0000000100000000)
  eden space 175104K, 100% used [0x00000000e0000000,0x00000000eab00000,0x00000000eab00000)
  from space 160256K, 96% used [0x00000000f5980000,0x00000000ff0299a0,0x00000000ff600000)
  to   space 174592K, 99% used [0x00000000eab00000,0x00000000f55799a0,0x00000000f5580000)
 ParOldGen       total 1048576K, used 1048565K [0x00000000a0000000, 0x00000000e0000000, 0x00000000e0000000)
  object space 1048576K, 99% used [0x00000000a0000000,0x00000000dfffd4b0,0x00000000e0000000)
 Metaspace       used 102015K, capacity 105492K, committed 107008K, reserved 1142784K
  class space    used 12335K, capacity 13107K, committed 13568K, reserved 1048576K
}
Event: 4790.459 GC heap before
{Heap before GC invocations=216 (full 36):
 PSYoungGen      total 335360K, used 329382K [0x00000000e0000000, 0x0000000100000000, 0x0000000100000000)
  eden space 175104K, 100% used [0x00000000e0000000,0x00000000eab00000,0x00000000eab00000)
  from space 160256K, 96% used [0x00000000f5980000,0x00000000ff0299a0,0x00000000ff600000)
  to   space 174592K, 99% used [0x00000000eab00000,0x00000000f55799a0,0x00000000f5580000)
 ParOldGen       total 1048576K, used 1048565K [0x00000000a0000000, 0x00000000e0000000, 0x00000000e0000000)
  object space 1048576K, 99% used [0x00000000a0000000,0x00000000dfffd4b0,0x00000000e0000000)
 Metaspace       used 102015K, capacity 105492K, committed 107008K, reserved 1142784K
  class space    used 12335K, capacity 13107K, committed 13568K, reserved 1048576K

