# JRE version: OpenJDK Runtime Environment (8.0_152-b02) (build 1.8.0_152-release-1024-b02)
# Java VM: OpenJDK 64-Bit Server VM (25.152-b02 mixed mode windows-amd64 compressed oops)
Heap:
 PSYoungGen      total 349696K, used 8200K [0x00000000e0000000, 0x0000000100000000, 0x0000000100000000)
  eden space 175104K, 0% used [0x00000000e0000000,0x00000000e0000000,0x00000000eab00000)
  from space 174592K, 4% used [0x00000000eab00000,0x00000000eb3022e8,0x00000000f5580000)
  to   space 174592K, 0% used [0x00000000f5580000,0x00000000f5580000,0x0000000100000000)
 ParOldGen       total 1048576K, used 996491K [0x00000000a0000000, 0x00000000e0000000, 0x00000000e0000000)
  object space 1048576K, 95% used [0x00000000a0000000,0x00000000dcd22cd8,0x00000000e0000000)
 Metaspace       used 83615K, capacity 86034K, committed 86488K, reserved 1124352K
  class space    used 10366K, capacity 10916K, committed 11008K, reserved 1048576K
GC Heap History (10 events):
Event: 446.694 GC heap after
Heap after GC invocations=191 (full 15):
 PSYoungGen      total 346112K, used 122160K [0x00000000e0000000, 0x0000000100000000, 0x0000000100000000)
  eden space 190976K, 0% used [0x00000000e0000000,0x00000000e0000000,0x00000000eba80000)
  from space 155136K, 78% used [0x00000000eba80000,0x00000000f31cc330,0x00000000f5200000)
  to   space 171520K, 0% used [0x00000000f5880000,0x00000000f5880000,0x0000000100000000)
 ParOldGen       total 1048576K, used 820701K [0x00000000a0000000, 0x00000000e0000000, 0x00000000e0000000)
  object space 1048576K, 78% used [0x00000000a0000000,0x00000000d21775c8,0x00000000e0000000)
 Metaspace       used 82976K, capacity 85386K, committed 86232K, reserved 1124352K
  class space    used 10346K, capacity 10878K, committed 11008K, reserved 1048576K
}
Event: 447.758 GC heap before
{Heap before GC invocations=192 (full 15):
 PSYoungGen      total 346112K, used 313136K [0x00000000e0000000, 0x0000000100000000, 0x0000000100000000)
  eden space 190976K, 100% used [0x00000000e0000000,0x00000000eba80000,0x00000000eba80000)
  from space 155136K, 78% used [0x00000000eba80000,0x00000000f31cc330,0x00000000f5200000)
  to   space 171520K, 0% used [0x00000000f5880000,0x00000000f5880000,0x0000000100000000)
 ParOldGen       total 1048576K, used 820701K [0x00000000a0000000, 0x00000000e0000000, 0x00000000e0000000)
  object space 1048576K, 78% used [0x00000000a0000000,0x00000000d21775c8,0x00000000e0000000)
 Metaspace       used 82977K, capacity 85386K, committed 86232K, reserved 1124352K
  class space    used 10346K, capacity 10878K, committed 11008K, reserved 1048576K
Event: 447.919 GC heap after
Heap after GC invocations=192 (full 15):
 PSYoungGen      total 346624K, used 171501K [0x00000000e0000000, 0x0000000100000000, 0x0000000100000000)
  eden space 175104K, 0% used [0x00000000e0000000,0x00000000e0000000,0x00000000eab00000)
  from space 171520K, 99% used [0x00000000f5880000,0x00000000ffffb780,0x0000000100000000)
  to   space 174592K, 0% used [0x00000000eab00000,0x00000000eab00000,0x00000000f5580000)
 ParOldGen       total 1048576K, used 832280K [0x00000000a0000000, 0x00000000e0000000, 0x00000000e0000000)
  object space 1048576K, 79% used [0x00000000a0000000,0x00000000d2cc63f8,0x00000000e0000000)
 Metaspace       used 82977K, capacity 85386K, committed 86232K, reserved 1124352K
  class space    used 10346K, capacity 10878K, committed 11008K, reserved 1048576K
}
Event: 453.808 GC heap before
{Heap before GC invocations=193 (full 15):
 PSYoungGen      total 346624K, used 346267K [0x00000000e0000000, 0x0000000100000000, 0x0000000100000000)
  eden space 175104K, 99% used [0x00000000e0000000,0x00000000eaaab660,0x00000000eab00000)
  from space 171520K, 99% used [0x00000000f5880000,0x00000000ffffb780,0x0000000100000000)
  to   space 174592K, 0% used [0x00000000eab00000,0x00000000eab00000,0x00000000f5580000)
 ParOldGen       total 1048576K, used 832280K [0x00000000a0000000, 0x00000000e0000000, 0x00000000e0000000)
  object space 1048576K, 79% used [0x00000000a0000000,0x00000000d2cc63f8,0x00000000e0000000)
 Metaspace       used 82991K, capacity 85386K, committed 86232K, reserved 1124352K
  class space    used 10346K, capacity 10878K, committed 11008K, reserved 1048576K
Event: 453.957 GC heap after
Heap after GC invocations=193 (full 15):
 PSYoungGen      total 349696K, used 161867K [0x00000000e0000000, 0x0000000100000000, 0x0000000100000000)
  eden space 175104K, 0% used [0x00000000e0000000,0x00000000e0000000,0x00000000eab00000)
  from space 174592K, 92% used [0x00000000eab00000,0x00000000f4912d90,0x00000000f5580000)
  to   space 174592K, 0% used [0x00000000f5580000,0x00000000f5580000,0x0000000100000000)
 ParOldGen       total 1048576K, used 844064K [0x00000000a0000000, 0x00000000e0000000, 0x00000000e0000000)
  object space 1048576K, 80% used [0x00000000a0000000,0x00000000d38483f8,0x00000000e0000000)
 Metaspace       used 82991K, capacity 85386K, committed 86232K, reserved 1124352K
  class space    used 10346K, capacity 10878K, committed 11008K, reserved 1048576K
}
Event: 3209.948 GC heap before
{Heap before GC invocations=194 (full 15):
 PSYoungGen      total 349696K, used 336971K [0x00000000e0000000, 0x0000000100000000, 0x0000000100000000)
  eden space 175104K, 100% used [0x00000000e0000000,0x00000000eab00000,0x00000000eab00000)
  from space 174592K, 92% used [0x00000000eab00000,0x00000000f4912d90,0x00000000f5580000)
  to   space 174592K, 0% used [0x00000000f5580000,0x00000000f5580000,0x0000000100000000)
 ParOldGen       total 1048576K, used 844064K [0x00000000a0000000, 0x00000000e0000000, 0x00000000e0000000)
  object space 1048576K, 80% used [0x00000000a0000000,0x00000000d38483f8,0x00000000e0000000)
 Metaspace       used 83271K, capacity 85698K, committed 86488K, reserved 1124352K
  class space    used 10349K, capacity 10914K, committed 11008K, reserved 1048576K
Event: 3210.118 GC heap after
Heap after GC invocations=194 (full 15):
 PSYoungGen      total 349696K, used 110902K [0x00000000e0000000, 0x0000000100000000, 0x0000000100000000)
  eden space 175104K, 0% used [0x00000000e0000000,0x00000000e0000000,0x00000000eab00000)
  from space 174592K, 63% used [0x00000000f5580000,0x00000000fc1cd978,0x0000000100000000)
  to   space 174592K, 0% used [0x00000000eab00000,0x00000000eab00000,0x00000000f5580000)
 ParOldGen       total 1048576K, used 898859K [0x00000000a0000000, 0x00000000e0000000, 0x00000000e0000000)
  object space 1048576K, 85% used [0x00000000a0000000,0x00000000d6dcac38,0x00000000e0000000)
 Metaspace       used 83271K, capacity 85698K, committed 86488K, reserved 1124352K
  class space    used 10349K, capacity 10914K, committed 11008K, reserved 1048576K
}
Event: 3418.706 GC heap before
{Heap before GC invocations=195 (full 15):
 PSYoungGen      total 349696K, used 286006K [0x00000000e0000000, 0x0000000100000000, 0x0000000100000000)
  eden space 175104K, 100% used [0x00000000e0000000,0x00000000eab00000,0x00000000eab00000)
  from space 174592K, 63% used [0x00000000f5580000,0x00000000fc1cd978,0x0000000100000000)
  to   space 174592K, 0% used [0x00000000eab00000,0x00000000eab00000,0x00000000f5580000)
 ParOldGen       total 1048576K, used 898859K [0x00000000a0000000, 0x00000000e0000000, 0x00000000e0000000)
  object space 1048576K, 85% used [0x00000000a0000000,0x00000000d6dcac38,0x00000000e0000000)
 Metaspace       used 83615K, capacity 86034K, committed 86488K, reserved 1124352K
  class space    used 10366K, capacity 10916K, committed 11008K, reserved 1048576K
Event: 3418.867 GC heap after
Heap after GC invocations=195 (full 15):
 PSYoungGen      total 349696K, used 8200K [0x00000000e0000000, 0x0000000100000000, 0x0000000100000000)
  eden space 175104K, 0% used [0x00000000e0000000,0x00000000e0000000,0x00000000eab00000)
  from space 174592K, 4% used [0x00000000eab00000,0x00000000eb3022e8,0x00000000f5580000)
  to   space 174592K, 0% used [0x00000000f5580000,0x00000000f5580000,0x0000000100000000)
 ParOldGen       total 1048576K, used 996491K [0x00000000a0000000, 0x00000000e0000000, 0x00000000e0000000)
  object space 1048576K, 95% used [0x00000000a0000000,0x00000000dcd22cd8,0x00000000e0000000)
 Metaspace       used 83615K, capacity 86034K, committed 86488K, reserved 1124352K
  class space    used 10366K, capacity 10916K, committed 11008K, reserved 1048576K
}
Event: 3418.867 GC heap before
{Heap before GC invocations=196 (full 16):
 PSYoungGen      total 349696K, used 8200K [0x00000000e0000000, 0x0000000100000000, 0x0000000100000000)
  eden space 175104K, 0% used [0x00000000e0000000,0x00000000e0000000,0x00000000eab00000)
  from space 174592K, 4% used [0x00000000eab00000,0x00000000eb3022e8,0x00000000f5580000)
  to   space 174592K, 0% used [0x00000000f5580000,0x00000000f5580000,0x0000000100000000)
 ParOldGen       total 1048576K, used 996491K [0x00000000a0000000, 0x00000000e0000000, 0x00000000e0000000)
  object space 1048576K, 95% used [0x00000000a0000000,0x00000000dcd22cd8,0x00000000e0000000)
 Metaspace       used 83615K, capacity 86034K, committed 86488K, reserved 1124352K
  class space    used 10366K, capacity 10916K, committed 11008K, reserved 1048576K

